<?xml version="1.0" encoding="UTF-8"?>
<testng-results skipped="0" failed="0" ignored="0" total="2" passed="2">
  <reporter-output>
  </reporter-output>
  <suite name="Suite" duration-ms="55525" started-at="2019-11-13T04:49:11Z" finished-at="2019-11-13T04:50:06Z">
    <groups>
    </groups>
    <test name="Test" duration-ms="55525" started-at="2019-11-13T04:49:11Z" finished-at="2019-11-13T04:50:06Z">
      <class name="com.mercury.demo.pages.ParallelRun">
        <test-method status="PASS" signature="test1()[pri:0, instance:com.mercury.demo.pages.ParallelRun@e25b2fe]" name="test1" duration-ms="55314" started-at="2019-11-13T04:49:11Z" finished-at="2019-11-13T04:50:06Z">
          <reporter-output>
          </reporter-output>
        </test-method> <!-- test1 -->
        <test-method status="PASS" signature="test2()[pri:0, instance:com.mercury.demo.pages.ParallelRun@e25b2fe]" name="test2" duration-ms="55265" started-at="2019-11-13T04:49:11Z" finished-at="2019-11-13T04:50:06Z">
          <reporter-output>
          </reporter-output>
        </test-method> <!-- test2 -->
      </class> <!-- com.mercury.demo.pages.ParallelRun -->
    </test> <!-- Test -->
  </suite> <!-- Suite -->
</testng-results>
